0 info it worked if it ends with ok
1 verbose cli [ '/home/santi698/.nvm/versions/node/v6.9.2/bin/node',
1 verbose cli   '/home/santi698/.nvm/versions/node/v6.9.2/bin/npm',
1 verbose cli   'run',
1 verbose cli   'grunt' ]
2 info using npm@3.10.9
3 info using node@v6.9.2
4 verbose stack Error: missing script: grunt
4 verbose stack     at run (/home/santi698/.nvm/versions/node/v6.9.2/lib/node_modules/npm/lib/run-script.js:151:19)
4 verbose stack     at /home/santi698/.nvm/versions/node/v6.9.2/lib/node_modules/npm/lib/run-script.js:61:5
4 verbose stack     at /home/santi698/.nvm/versions/node/v6.9.2/lib/node_modules/npm/node_modules/read-package-json/read-json.js:356:5
4 verbose stack     at checkBinReferences_ (/home/santi698/.nvm/versions/node/v6.9.2/lib/node_modules/npm/node_modules/read-package-json/read-json.js:320:45)
4 verbose stack     at final (/home/santi698/.nvm/versions/node/v6.9.2/lib/node_modules/npm/node_modules/read-package-json/read-json.js:354:3)
4 verbose stack     at then (/home/santi698/.nvm/versions/node/v6.9.2/lib/node_modules/npm/node_modules/read-package-json/read-json.js:124:5)
4 verbose stack     at ReadFileContext.<anonymous> (/home/santi698/.nvm/versions/node/v6.9.2/lib/node_modules/npm/node_modules/read-package-json/read-json.js:295:20)
4 verbose stack     at ReadFileContext.callback (/home/santi698/.nvm/versions/node/v6.9.2/lib/node_modules/npm/node_modules/graceful-fs/graceful-fs.js:78:16)
4 verbose stack     at FSReqWrap.readFileAfterOpen [as oncomplete] (fs.js:365:13)
5 verbose cwd /home/santi698/Documentos/ITBA/PAW/paw-2016-4/webapp/src/main/frontend
6 error Linux 4.13.0-31-generic
7 error argv "/home/santi698/.nvm/versions/node/v6.9.2/bin/node" "/home/santi698/.nvm/versions/node/v6.9.2/bin/npm" "run" "grunt"
8 error node v6.9.2
9 error npm  v3.10.9
10 error missing script: grunt
11 error If you need help, you may report this error at:
11 error     <https://github.com/npm/npm/issues>
12 verbose exit [ 1, true ]
